<?xml version="1.0" encoding="UTF-8"?>
<!-- Generated by org.testng.reporters.JUnitReportReporter -->
<testsuite hostname="DESKTOP-7AC5N50" name="com.testcase.bjgltestcase" tests="1" failures="0" timestamp="4 Mar 2019 03:23:37 GMT" time="12.390" errors="0">
  <testcase name="bjgl" time="12.390" classname="com.testcase.bjgltestcase"/>
</testsuite> <!-- com.testcase.bjgltestcase -->
