<?xml version="1.0" encoding="UTF-8"?>
<!-- Generated by org.testng.reporters.JUnitReportReporter -->
<testsuite hostname="DESKTOP-7AC5N50" name="com.testcase.xztktestcase" tests="1" failures="0" timestamp="4 Mar 2019 08:08:47 GMT" time="33.353" errors="0">
  <testcase name="xztkb" time="33.353" classname="com.testcase.xztktestcase"/>
</testsuite> <!-- com.testcase.xztktestcase -->
