<?xml version="1.0" encoding="UTF-8"?>
<!-- Generated by org.testng.reporters.JUnitReportReporter -->
<testsuite hostname="DESKTOP-7AC5N50" name="com.testcase.logintestcase" tests="1" failures="0" timestamp="5 Mar 2019 01:07:29 GMT" time="12.438" errors="0">
  <testcase name="login" time="12.438" classname="com.testcase.logintestcase"/>
</testsuite> <!-- com.testcase.logintestcase -->
